Replace Part C? Конденсатор in D:\GitHub\grg_tanya\РГР_ПСПД\Sheet1.SchDoc with Конденсатор from Компоненты.SchLib
Replace Part C? Конденсатор in D:\GitHub\grg_tanya\РГР_ПСПД\Sheet1.SchDoc with Конденсатор from Компоненты.SchLib
Replace Part C? Электролитический конднсатор in D:\GitHub\grg_tanya\РГР_ПСПД\Sheet1.SchDoc with Электролитический конднсатор from Компоненты.SchLib
Replace Part C? Электролитический конднсатор in D:\GitHub\grg_tanya\РГР_ПСПД\Sheet1.SchDoc with Электролитический конднсатор from Компоненты.SchLib
Replace Part DD? CD4011BE in D:\GitHub\grg_tanya\РГР_ПСПД\Sheet1.SchDoc with CD4011BE from Компоненты.SchLib
Replace Part DD? CD4073BE in D:\GitHub\grg_tanya\РГР_ПСПД\Sheet1.SchDoc with CD4073BE from Компоненты.SchLib
Replace Part DD? CD4069UBE in D:\GitHub\grg_tanya\РГР_ПСПД\Sheet1.SchDoc with CD4069UBE from Компоненты.SchLib
Replace Part DD? CD4073BE in D:\GitHub\grg_tanya\РГР_ПСПД\Sheet1.SchDoc with CD4073BE from Компоненты.SchLib
Replace Part DD? CD4069UBE in D:\GitHub\grg_tanya\РГР_ПСПД\Sheet1.SchDoc with CD4069UBE from Компоненты.SchLib
Replace Part DD? CD4011BE in D:\GitHub\grg_tanya\РГР_ПСПД\Sheet1.SchDoc with CD4011BE from Компоненты.SchLib
Replace Part DD? CD4069UBE in D:\GitHub\grg_tanya\РГР_ПСПД\Sheet1.SchDoc with CD4069UBE from Компоненты.SchLib
Replace Part DD? CD4011BE in D:\GitHub\grg_tanya\РГР_ПСПД\Sheet1.SchDoc with CD4011BE from Компоненты.SchLib
Replace Part DD? CD4073BE in D:\GitHub\grg_tanya\РГР_ПСПД\Sheet1.SchDoc with CD4073BE from Компоненты.SchLib
Replace Part DD? CD4069UBE in D:\GitHub\grg_tanya\РГР_ПСПД\Sheet1.SchDoc with CD4069UBE from Компоненты.SchLib
Replace Part DD? CD4073BE in D:\GitHub\grg_tanya\РГР_ПСПД\Sheet1.SchDoc with CD4073BE from Компоненты.SchLib
Replace Part DD? CD4011BE in D:\GitHub\grg_tanya\РГР_ПСПД\Sheet1.SchDoc with CD4011BE from Компоненты.SchLib
Replace Part DD? CD4069UBE in D:\GitHub\grg_tanya\РГР_ПСПД\Sheet1.SchDoc with CD4069UBE from Компоненты.SchLib
Replace Part R? CF-50 (С1-4) in D:\GitHub\grg_tanya\РГР_ПСПД\Sheet1.SchDoc with CF-50 (С1-4) from Компоненты.SchLib
Replace Part R? CF-50 (С1-4) in D:\GitHub\grg_tanya\РГР_ПСПД\Sheet1.SchDoc with CF-50 (С1-4) from Компоненты.SchLib
Replace Part R? CF-50 (С1-4) in D:\GitHub\grg_tanya\РГР_ПСПД\Sheet1.SchDoc with CF-50 (С1-4) from Компоненты.SchLib
Replace Part R? CF-50 (С1-4) in D:\GitHub\grg_tanya\РГР_ПСПД\Sheet1.SchDoc with CF-50 (С1-4) from Компоненты.SchLib
Replace Part TR? ТПК-2, 9В in D:\GitHub\grg_tanya\РГР_ПСПД\Sheet1.SchDoc with ТПК-2, 9В from Компоненты.SchLib
Replace Part U? LM7806 in D:\GitHub\grg_tanya\РГР_ПСПД\Sheet1.SchDoc with LM7806 from Компоненты.SchLib
Replace Part VD? 1N5818 in D:\GitHub\grg_tanya\РГР_ПСПД\Sheet1.SchDoc with 1N5818 from Компоненты.SchLib
Replace Part VD? 1N5818 in D:\GitHub\grg_tanya\РГР_ПСПД\Sheet1.SchDoc with 1N5818 from Компоненты.SchLib
Replace Part VD? 1N5818 in D:\GitHub\grg_tanya\РГР_ПСПД\Sheet1.SchDoc with 1N5818 from Компоненты.SchLib
Replace Part VD? 1N5818 in D:\GitHub\grg_tanya\РГР_ПСПД\Sheet1.SchDoc with 1N5818 from Компоненты.SchLib
Replace Part VDS? 2Д906Б in D:\GitHub\grg_tanya\РГР_ПСПД\Sheet1.SchDoc with 2Д906Б from Компоненты.SchLib
