Added Component: Designator=C1(160ן)
Added Component: Designator=C2(9.1ם)
Added Component: Designator=C3(9.1ם)
Added Component: Designator=C5(160ן)
Added Component: Designator=DD1(DIP-16)
Added Component: Designator=DD2(DIP-14)
Added Component: Designator=DD3(DIP-14)
Added Component: Designator=DD4(DIP-14)
Added Component: Designator=DD5(DIP-14)
Added Component: Designator=DD6(DIP-16)
Added Component: Designator=DD7(DIP-14)
Added Component: Designator=R5(וחטסעמנ)
Added Component: Designator=R6(וחטסעמנ)
Added Component: Designator=R7(וחטסעמנ)
Added Component: Designator=R8(וחטסעמנ)
Added Pin To Net: NetName=NetC1_1 Pin=C1-1
Added Pin To Net: NetName=GND Pin=C1-2
Added Pin To Net: NetName=NetC2_1 Pin=C2-1
Added Pin To Net: NetName=NetC2_2 Pin=C2-2
Added Pin To Net: NetName=GND Pin=C3-1
Added Pin To Net: NetName=NetC3_2 Pin=C3-2
Added Pin To Net: NetName=NetC5_1 Pin=C5-1
Added Pin To Net: NetName=GND Pin=C5-2
Added Pin To Net: NetName=+6 Pin=DD1-1
Added Pin To Net: NetName=NetDD1_2 Pin=DD1-2
Added Pin To Net: NetName=NetDD1_3 Pin=DD1-3
Added Pin To Net: NetName=NetDD1_4 Pin=DD1-4
Added Pin To Net: NetName=NetDD1_5 Pin=DD1-5
Added Pin To Net: NetName=NetDD1_6 Pin=DD1-6
Added Pin To Net: NetName=NetDD1_7 Pin=DD1-7
Added Pin To Net: NetName=GND Pin=DD1-8
Added Pin To Net: NetName=NetDD1_9 Pin=DD1-9
Added Pin To Net: NetName=NetDD1_10 Pin=DD1-10
Added Pin To Net: NetName=NetDD1_10 Pin=DD2-1
Added Pin To Net: NetName=NetDD1_7 Pin=DD2-2
Added Pin To Net: NetName=NetDD1_6 Pin=DD2-3
Added Pin To Net: NetName=NetDD1_5 Pin=DD2-4
Added Pin To Net: NetName=NetDD1_2 Pin=DD2-5
Added Pin To Net: NetName=NetDD2_6 Pin=DD2-6
Added Pin To Net: NetName=GND Pin=DD2-7
Added Pin To Net: NetName=NetDD1_4 Pin=DD2-8
Added Pin To Net: NetName=NetDD2_9 Pin=DD2-9
Added Pin To Net: NetName=NetDD2_10 Pin=DD2-10
Added Pin To Net: NetName=NetDD1_6 Pin=DD2-11
Added Pin To Net: NetName=NetDD1_4 Pin=DD2-12
Added Pin To Net: NetName=NetDD1_3 Pin=DD2-13
Added Pin To Net: NetName=+6 Pin=DD2-14
Added Pin To Net: NetName=NetC2_1 Pin=DD3-1
Added Pin To Net: NetName=NetDD3_2 Pin=DD3-2
Added Pin To Net: NetName=NetDD3_3 Pin=DD3-3
Added Pin To Net: NetName=GND Pin=DD3-7
Added Pin To Net: NetName=NetDD3_10 Pin=DD3-10
Added Pin To Net: NetName=NetDD3_11 Pin=DD3-11
Added Pin To Net: NetName=NetDD3_12 Pin=DD3-12
Added Pin To Net: NetName=NetDD3_12 Pin=DD3-13
Added Pin To Net: NetName=+6 Pin=DD3-14
Added Pin To Net: NetName=NetDD2_9 Pin=DD4-1
Added Pin To Net: NetName=NetDD2_6 Pin=DD4-2
Added Pin To Net: NetName=NetC3_2 Pin=DD4-3
Added Pin To Net: NetName=NetDD3_10 Pin=DD4-4
Added Pin To Net: NetName=NetDD4_5 Pin=DD4-5
Added Pin To Net: NetName=NetDD4_6 Pin=DD4-6
Added Pin To Net: NetName=NetDD2_10 Pin=DD4-8
Added Pin To Net: NetName=NetDD3_2 Pin=DD4-9
Added Pin To Net: NetName=NetDD3_12 Pin=DD5-1
Added Pin To Net: NetName=NetC5_1 Pin=DD5-2
Added Pin To Net: NetName=NetDD4_5 Pin=DD5-3
Added Pin To Net: NetName=NetC2_2 Pin=DD5-4
Added Pin To Net: NetName=NetDD3_3 Pin=DD5-5
Added Pin To Net: NetName=NetDD3_3 Pin=DD5-6
Added Pin To Net: NetName=GND Pin=DD5-7
Added Pin To Net: NetName=NetC2_2 Pin=DD5-8
Added Pin To Net: NetName=NetC2_2 Pin=DD5-9
Added Pin To Net: NetName=NetDD5_10 Pin=DD5-10
Added Pin To Net: NetName=+6 Pin=DD5-14
Added Pin To Net: NetName=Out6 Pin=DD6-2
Added Pin To Net: NetName=Out5 Pin=DD6-3
Added Pin To Net: NetName=Out7 Pin=DD6-4
Added Pin To Net: NetName=Out4 Pin=DD6-5
Added Pin To Net: NetName=Out3 Pin=DD6-6
Added Pin To Net: NetName=Out2 Pin=DD6-7
Added Pin To Net: NetName=GND Pin=DD6-8
Added Pin To Net: NetName=Out1 Pin=DD6-9
Added Pin To Net: NetName=NetDD5_10 Pin=DD6-10
Added Pin To Net: NetName=NetDD4_6 Pin=DD6-11
Added Pin To Net: NetName=+6 Pin=DD6-16
Added Pin To Net: NetName=NetDD3_12 Pin=DD7-1
Added Pin To Net: NetName=Out1 Pin=DD7-2
Added Pin To Net: NetName=Out2 Pin=DD7-3
Added Pin To Net: NetName=Out4 Pin=DD7-4
Added Pin To Net: NetName=Out5 Pin=DD7-5
Added Pin To Net: NetName=GND Pin=DD7-7
Added Pin To Net: NetName=+6 Pin=DD7-14
Added Pin To Net: NetName=NetC1_1 Pin=R5-2
Added Pin To Net: NetName=NetC2_1 Pin=R6-1
Added Pin To Net: NetName=NetDD3_3 Pin=R6-2
Added Pin To Net: NetName=NetC3_2 Pin=R7-1
Added Pin To Net: NetName=+6 Pin=R7-2
Added Pin To Net: NetName=NetDD3_11 Pin=R8-1
Added Pin To Net: NetName=NetC5_1 Pin=R8-2
Added Member To Class: ClassName=Sheet1 Member=Component C1 160ן
Added Member To Class: ClassName=Sheet1 Member=Component C2 9.1ם
Added Member To Class: ClassName=Sheet1 Member=Component C3 9.1ם
Added Member To Class: ClassName=Sheet1 Member=Component C5 160ן
Added Member To Class: ClassName=Sheet1 Member=Component DD1 CD4069UBE
Added Member To Class: ClassName=Sheet1 Member=Component DD2 CD4073BE
Added Member To Class: ClassName=Sheet1 Member=Component DD3 CD4011BE
Added Member To Class: ClassName=Sheet1 Member=Component DD4 CD4025BE
Added Member To Class: ClassName=Sheet1 Member=Component DD5 CD4011BE
Added Member To Class: ClassName=Sheet1 Member=Component DD6 156120
Added Member To Class: ClassName=Sheet1 Member=Component DD7 CD4082B
Added Member To Class: ClassName=Sheet1 Member=Component R5 9.1ך
Added Member To Class: ClassName=Sheet1 Member=Component R6 9.1ך
Added Member To Class: ClassName=Sheet1 Member=Component R7 9.1ך
Added Member To Class: ClassName=Sheet1 Member=Component R8 9.1ך
