Added Component: Designator=C1(160ן)
Added Component: Designator=C2(24ם)
Added Component: Designator=C3(24ם)
Added Component: Designator=C4(1.2לך)
Added Component: Designator=C5(160ן)
Added Component: Designator=C6(24ם)
Added Component: Designator=C7(1.2לך)
Added Component: Designator=C8(24ם)
Added Component: Designator=DD1(DIP-16)
Added Component: Designator=DD2(DIP-14)
Added Component: Designator=DD3(DIP-14)
Added Component: Designator=DD4(DIP-14)
Added Component: Designator=DD5(DIP-14)
Added Component: Designator=DD6(DIP-14)
Added Component: Designator=DD7(DIP-16)
Added Component: Designator=DD8(DIP-14)
Added Component: Designator=R1(וחטסעמנ)
Added Component: Designator=R2(וחטסעמנ)
Added Component: Designator=R3(וחטסעמנ)
Added Component: Designator=R4(וחטסעמנ)
Added Component: Designator=R5(וחטסעמנ)
Added Component: Designator=R6(וחטסעמנ)
Added Component: Designator=R7(וחטסעמנ)
Added Component: Designator=R8(וחטסעמנ)
Added Component: Designator=TR1(-2, 9)
Added Component: Designator=U1(TO-220)
Added Component: Designator=VD1(1N5818)
Added Component: Designator=VD2(1N5818)
Added Component: Designator=VD3(1N5818)
Added Component: Designator=VD4(1N5818)
Added Component: Designator=VDS1(2906)
Added Pin To Net: NetName=+6 Pin=C7-1
Added Pin To Net: NetName=+6 Pin=C8-1
Added Pin To Net: NetName=+6 Pin=DD1-1
Added Pin To Net: NetName=+6 Pin=DD2-14
Added Pin To Net: NetName=+6 Pin=DD3-14
Added Pin To Net: NetName=+6 Pin=DD4-14
Added Pin To Net: NetName=+6 Pin=DD5-14
Added Pin To Net: NetName=+6 Pin=DD7-16
Added Pin To Net: NetName=+6 Pin=R7-2
Added Pin To Net: NetName=+6 Pin=U1-3
Added Pin To Net: NetName=+6 Pin=VD1-2
Added Pin To Net: NetName=+6 Pin=VD2-2
Added Pin To Net: NetName=+6 Pin=VD4-2
Added Net: Name=+6
Added Pin To Net: NetName=GND Pin=C1-2
Added Pin To Net: NetName=GND Pin=C3-1
Added Pin To Net: NetName=GND Pin=C4-2
Added Pin To Net: NetName=GND Pin=C5-2
Added Pin To Net: NetName=GND Pin=C6-2
Added Pin To Net: NetName=GND Pin=C7-2
Added Pin To Net: NetName=GND Pin=C8-2
Added Pin To Net: NetName=GND Pin=DD1-8
Added Pin To Net: NetName=GND Pin=DD2-7
Added Pin To Net: NetName=GND Pin=DD3-7
Added Pin To Net: NetName=GND Pin=DD4-7
Added Pin To Net: NetName=GND Pin=DD5-7
Added Pin To Net: NetName=GND Pin=DD7-8
Added Pin To Net: NetName=GND Pin=U1-2
Added Pin To Net: NetName=GND Pin=VDS1-1
Added Net: Name=GND
Added Pin To Net: NetName=In_1 Pin=TR1-1
Added Pin To Net: NetName=In_1 Pin=TR1-5
Added Net: Name=In_1
Added Pin To Net: NetName=NetC1_1 Pin=C1-1
Added Pin To Net: NetName=NetC1_1 Pin=R5-2
Added Net: Name=NetC1_1
Added Pin To Net: NetName=NetC2_1 Pin=C2-1
Added Pin To Net: NetName=NetC2_1 Pin=DD3-1
Added Pin To Net: NetName=NetC2_1 Pin=R6-1
Added Net: Name=NetC2_1
Added Pin To Net: NetName=NetC2_2 Pin=C2-2
Added Pin To Net: NetName=NetC2_2 Pin=DD5-4
Added Pin To Net: NetName=NetC2_2 Pin=DD5-8
Added Pin To Net: NetName=NetC2_2 Pin=DD5-9
Added Net: Name=NetC2_2
Added Pin To Net: NetName=NetC3_2 Pin=C3-2
Added Pin To Net: NetName=NetC3_2 Pin=DD6-3
Added Pin To Net: NetName=NetC3_2 Pin=R7-1
Added Net: Name=NetC3_2
Added Pin To Net: NetName=NetC4_1 Pin=C4-1
Added Pin To Net: NetName=NetC4_1 Pin=C6-1
Added Pin To Net: NetName=NetC4_1 Pin=U1-1
Added Pin To Net: NetName=NetC4_1 Pin=VDS1-2
Added Net: Name=NetC4_1
Added Pin To Net: NetName=NetC5_1 Pin=C5-1
Added Pin To Net: NetName=NetC5_1 Pin=DD5-2
Added Pin To Net: NetName=NetC5_1 Pin=R8-2
Added Net: Name=NetC5_1
Added Pin To Net: NetName=NetDD1_2 Pin=DD1-2
Added Pin To Net: NetName=NetDD1_2 Pin=DD2-5
Added Net: Name=NetDD1_2
Added Pin To Net: NetName=NetDD1_3 Pin=DD1-3
Added Pin To Net: NetName=NetDD1_3 Pin=DD2-13
Added Pin To Net: NetName=NetDD1_3 Pin=R1-2
Added Pin To Net: NetName=NetDD1_3 Pin=VD1-1
Added Net: Name=NetDD1_3
Added Pin To Net: NetName=NetDD1_4 Pin=DD1-4
Added Pin To Net: NetName=NetDD1_4 Pin=DD2-8
Added Pin To Net: NetName=NetDD1_4 Pin=DD2-12
Added Net: Name=NetDD1_4
Added Pin To Net: NetName=NetDD1_5 Pin=DD1-5
Added Pin To Net: NetName=NetDD1_5 Pin=DD2-4
Added Pin To Net: NetName=NetDD1_5 Pin=R2-2
Added Pin To Net: NetName=NetDD1_5 Pin=VD2-1
Added Net: Name=NetDD1_5
Added Pin To Net: NetName=NetDD1_6 Pin=DD1-6
Added Pin To Net: NetName=NetDD1_6 Pin=DD2-3
Added Pin To Net: NetName=NetDD1_6 Pin=DD2-11
Added Net: Name=NetDD1_6
Added Pin To Net: NetName=NetDD1_7 Pin=DD1-7
Added Pin To Net: NetName=NetDD1_7 Pin=DD2-2
Added Pin To Net: NetName=NetDD1_7 Pin=R3-2
Added Pin To Net: NetName=NetDD1_7 Pin=VD3-1
Added Net: Name=NetDD1_7
Added Pin To Net: NetName=NetDD1_9 Pin=DD1-9
Added Pin To Net: NetName=NetDD1_9 Pin=R4-2
Added Pin To Net: NetName=NetDD1_9 Pin=VD4-1
Added Net: Name=NetDD1_9
Added Pin To Net: NetName=NetDD1_10 Pin=DD1-10
Added Pin To Net: NetName=NetDD1_10 Pin=DD2-1
Added Net: Name=NetDD1_10
Added Pin To Net: NetName=NetDD2_6 Pin=DD2-6
Added Pin To Net: NetName=NetDD2_6 Pin=DD4-2
Added Net: Name=NetDD2_6
Added Pin To Net: NetName=NetDD2_9 Pin=DD2-9
Added Pin To Net: NetName=NetDD2_9 Pin=DD4-1
Added Net: Name=NetDD2_9
Added Pin To Net: NetName=NetDD2_10 Pin=DD2-10
Added Pin To Net: NetName=NetDD2_10 Pin=DD4-13
Added Net: Name=NetDD2_10
Added Pin To Net: NetName=NetDD3_2 Pin=DD3-2
Added Pin To Net: NetName=NetDD3_2 Pin=DD4-12
Added Net: Name=NetDD3_2
Added Pin To Net: NetName=NetDD3_3 Pin=DD3-3
Added Pin To Net: NetName=NetDD3_3 Pin=DD5-5
Added Pin To Net: NetName=NetDD3_3 Pin=DD5-6
Added Pin To Net: NetName=NetDD3_3 Pin=R6-2
Added Net: Name=NetDD3_3
Added Pin To Net: NetName=NetDD3_10 Pin=DD3-10
Added Pin To Net: NetName=NetDD3_10 Pin=DD6-4
Added Net: Name=NetDD3_10
Added Pin To Net: NetName=NetDD3_11 Pin=DD3-11
Added Pin To Net: NetName=NetDD3_11 Pin=R8-1
Added Net: Name=NetDD3_11
Added Pin To Net: NetName=NetDD3_12 Pin=DD3-12
Added Pin To Net: NetName=NetDD3_12 Pin=DD3-13
Added Pin To Net: NetName=NetDD3_12 Pin=DD5-1
Added Pin To Net: NetName=NetDD3_12 Pin=DD8-1
Added Net: Name=NetDD3_12
Added Pin To Net: NetName=NetDD5_3 Pin=DD5-3
Added Pin To Net: NetName=NetDD5_3 Pin=DD6-5
Added Net: Name=NetDD5_3
Added Pin To Net: NetName=NetDD5_10 Pin=DD5-10
Added Pin To Net: NetName=NetDD5_10 Pin=DD7-10
Added Net: Name=NetDD5_10
Added Pin To Net: NetName=NetDD6_6 Pin=DD6-6
Added Pin To Net: NetName=NetDD6_6 Pin=DD7-11
Added Net: Name=NetDD6_6
Added Pin To Net: NetName=NetTR1_7 Pin=TR1-7
Added Pin To Net: NetName=NetTR1_7 Pin=VDS1-4
Added Net: Name=NetTR1_7
Added Pin To Net: NetName=NetTR1_9 Pin=TR1-9
Added Pin To Net: NetName=NetTR1_9 Pin=VDS1-3
Added Net: Name=NetTR1_9
Added Pin To Net: NetName=Out1 Pin=DD7-9
Added Pin To Net: NetName=Out1 Pin=DD8-2
Added Net: Name=Out1
Added Pin To Net: NetName=Out2 Pin=DD7-7
Added Pin To Net: NetName=Out2 Pin=DD8-3
Added Net: Name=Out2
Added Pin To Net: NetName=Out3 Pin=DD7-6
Added Net: Name=Out3
Added Pin To Net: NetName=Out4 Pin=DD7-5
Added Pin To Net: NetName=Out4 Pin=DD8-4
Added Net: Name=Out4
Added Pin To Net: NetName=Out5 Pin=DD7-3
Added Pin To Net: NetName=Out5 Pin=DD8-5
Added Net: Name=Out5
Added Pin To Net: NetName=Out6 Pin=DD7-2
Added Net: Name=Out6
Added Pin To Net: NetName=Out7 Pin=DD7-4
Added Net: Name=Out7
Added Pin To Net: NetName=Q1 Pin=R1-1
Added Net: Name=Q1
Added Pin To Net: NetName=Q2 Pin=R2-1
Added Net: Name=Q2
Added Pin To Net: NetName=Q3 Pin=R3-1
Added Net: Name=Q3
Added Pin To Net: NetName=Q4 Pin=R4-1
Added Net: Name=Q4
Added Class: Name=Sheet1
